# JRE version: OpenJDK Runtime Environment (11.0.6+10) (build 11.0.6+10-post-Ubuntu-1ubuntu118.04.1)
# Java VM: OpenJDK 64-Bit Server VM (11.0.6+10-post-Ubuntu-1ubuntu118.04.1, mixed mode, sharing, tiered, compressed oops, g1 gc, linux-amd64)
Heap:
 garbage-first heap   total 183296K, used 116044K [0x0000000087e00000, 0x0000000100000000)
  region size 1024K, 76 young (77824K), 10 survivors (10240K)
 Metaspace       used 59207K, capacity 61332K, committed 61568K, reserved 1103872K
  class space    used 6935K, capacity 7773K, committed 7808K, reserved 1048576K
GC Heap History (20 events):
Event: 25024.836 GC heap before
{Heap before GC invocations=38 (full 0):
 garbage-first heap   total 183296K, used 137017K [0x0000000087e00000, 0x0000000100000000)
  region size 1024K, 107 young (109568K), 11 survivors (11264K)
 Metaspace       used 58866K, capacity 60935K, committed 61056K, reserved 1101824K
  class space    used 6934K, capacity 7771K, committed 7808K, reserved 1048576K
}
Event: 25024.840 GC heap after
{Heap after GC invocations=39 (full 0):
 garbage-first heap   total 183296K, used 40294K [0x0000000087e00000, 0x0000000100000000)
  region size 1024K, 9 young (9216K), 9 survivors (9216K)
 Metaspace       used 58866K, capacity 60935K, committed 61056K, reserved 1101824K
  class space    used 6934K, capacity 7771K, committed 7808K, reserved 1048576K
}
Event: 26884.194 GC heap before
{Heap before GC invocations=39 (full 0):
 garbage-first heap   total 183296K, used 139622K [0x0000000087e00000, 0x0000000100000000)
  region size 1024K, 107 young (109568K), 9 survivors (9216K)
 Metaspace       used 58899K, capacity 60935K, committed 61056K, reserved 1101824K
  class space    used 6934K, capacity 7771K, committed 7808K, reserved 1048576K
}
Event: 26884.205 GC heap after
{Heap after GC invocations=40 (full 0):
 garbage-first heap   total 183296K, used 43124K [0x0000000087e00000, 0x0000000100000000)
  region size 1024K, 9 young (9216K), 9 survivors (9216K)
 Metaspace       used 58899K, capacity 60935K, committed 61056K, reserved 1101824K
  class space    used 6934K, capacity 7771K, committed 7808K, reserved 1048576K
}
Event: 28794.621 GC heap before
{Heap before GC invocations=40 (full 0):
 garbage-first heap   total 183296K, used 143476K [0x0000000087e00000, 0x0000000100000000)
  region size 1024K, 107 young (109568K), 9 survivors (9216K)
 Metaspace       used 58965K, capacity 60999K, committed 61312K, reserved 1103872K
  class space    used 6934K, capacity 7771K, committed 7808K, reserved 1048576K
}
Event: 28794.631 GC heap after
{Heap after GC invocations=41 (full 0):
 garbage-first heap   total 183296K, used 45256K [0x0000000087e00000, 0x0000000100000000)
  region size 1024K, 8 young (8192K), 8 survivors (8192K)
 Metaspace       used 58965K, capacity 60999K, committed 61312K, reserved 1103872K
  class space    used 6934K, capacity 7771K, committed 7808K, reserved 1048576K
}
Event: 30739.404 GC heap before
{Heap before GC invocations=41 (full 0):
 garbage-first heap   total 183296K, used 145608K [0x0000000087e00000, 0x0000000100000000)
  region size 1024K, 107 young (109568K), 8 survivors (8192K)
 Metaspace       used 58999K, capacity 61127K, committed 61312K, reserved 1103872K
  class space    used 6934K, capacity 7771K, committed 7808K, reserved 1048576K
}
Event: 30739.413 GC heap after
{Heap after GC invocations=42 (full 0):
 garbage-first heap   total 183296K, used 47164K [0x0000000087e00000, 0x0000000100000000)
  region size 1024K, 7 young (7168K), 7 survivors (7168K)
 Metaspace       used 58999K, capacity 61127K, committed 61312K, reserved 1103872K
  class space    used 6934K, capacity 7771K, committed 7808K, reserved 1048576K
}
Event: 32651.465 GC heap before
{Heap before GC invocations=42 (full 0):
 garbage-first heap   total 183296K, used 147516K [0x0000000087e00000, 0x0000000100000000)
  region size 1024K, 105 young (107520K), 7 survivors (7168K)
 Metaspace       used 59022K, capacity 61127K, committed 61312K, reserved 1103872K
  class space    used 6934K, capacity 7771K, committed 7808K, reserved 1048576K
}
Event: 32651.474 GC heap after
{Heap after GC invocations=43 (full 0):
 garbage-first heap   total 183296K, used 50281K [0x0000000087e00000, 0x0000000100000000)
  region size 1024K, 10 young (10240K), 10 survivors (10240K)
 Metaspace       used 59022K, capacity 61127K, committed 61312K, reserved 1103872K
  class space    used 6934K, capacity 7771K, committed 7808K, reserved 1048576K
}
Event: 34512.931 GC heap before
{Heap before GC invocations=43 (full 0):
 garbage-first heap   total 183296K, used 147561K [0x0000000087e00000, 0x0000000100000000)
  region size 1024K, 105 young (107520K), 10 survivors (10240K)
 Metaspace       used 59052K, capacity 61191K, committed 61312K, reserved 1103872K
  class space    used 6934K, capacity 7771K, committed 7808K, reserved 1048576K
}
Event: 34512.940 GC heap after
{Heap after GC invocations=44 (full 0):
 garbage-first heap   total 183296K, used 50395K [0x0000000087e00000, 0x0000000100000000)
  region size 1024K, 10 young (10240K), 10 survivors (10240K)
 Metaspace       used 59052K, capacity 61191K, committed 61312K, reserved 1103872K
  class space    used 6934K, capacity 7771K, committed 7808K, reserved 1048576K
}
Event: 36219.142 GC heap before
{Heap before GC invocations=44 (full 0):
 garbage-first heap   total 183296K, used 147675K [0x0000000087e00000, 0x0000000100000000)
  region size 1024K, 106 young (108544K), 10 survivors (10240K)
 Metaspace       used 59111K, capacity 61268K, committed 61568K, reserved 1103872K
  class space    used 6935K, capacity 7773K, committed 7808K, reserved 1048576K
}
Event: 36219.148 GC heap after
{Heap after GC invocations=45 (full 0):
 garbage-first heap   total 183296K, used 50963K [0x0000000087e00000, 0x0000000100000000)
  region size 1024K, 10 young (10240K), 10 survivors (10240K)
 Metaspace       used 59111K, capacity 61268K, committed 61568K, reserved 1103872K
  class space    used 6935K, capacity 7773K, committed 7808K, reserved 1048576K
}
Event: 38064.572 GC heap before
{Heap before GC invocations=45 (full 0):
 garbage-first heap   total 183296K, used 149267K [0x0000000087e00000, 0x0000000100000000)
  region size 1024K, 106 young (108544K), 10 survivors (10240K)
 Metaspace       used 59126K, capacity 61268K, committed 61568K, reserved 1103872K
  class space    used 6935K, capacity 7773K, committed 7808K, reserved 1048576K
}
Event: 38064.580 GC heap after
{Heap after GC invocations=46 (full 0):
 garbage-first heap   total 183296K, used 50574K [0x0000000087e00000, 0x0000000100000000)
  region size 1024K, 10 young (10240K), 10 survivors (10240K)
 Metaspace       used 59126K, capacity 61268K, committed 61568K, reserved 1103872K
  class space    used 6935K, capacity 7773K, committed 7808K, reserved 1048576K
}
Event: 39924.640 GC heap before
{Heap before GC invocations=46 (full 0):
 garbage-first heap   total 183296K, used 147854K [0x0000000087e00000, 0x0000000100000000)
  region size 1024K, 106 young (108544K), 10 survivors (10240K)
 Metaspace       used 59150K, capacity 61268K, committed 61568K, reserved 1103872K
  class space    used 6935K, capacity 7773K, committed 7808K, reserved 1048576K
}
Event: 39924.650 GC heap after
{Heap after GC invocations=47 (full 0):
 garbage-first heap   total 183296K, used 50344K [0x0000000087e00000, 0x0000000100000000)
  region size 1024K, 10 young (10240K), 10 survivors (10240K)
 Metaspace       used 59150K, capacity 61268K, committed 61568K, reserved 1103872K
  class space    used 6935K, capacity 7773K, committed 7808K, reserved 1048576K
}
Event: 41805.323 GC heap before
{Heap before GC invocations=47 (full 0):
 garbage-first heap   total 183296K, used 147624K [0x0000000087e00000, 0x0000000100000000)
  region size 1024K, 106 young (108544K), 10 survivors (10240K)
 Metaspace       used 59172K, capacity 61332K, committed 61568K, reserved 1103872K
  class space    used 6935K, capacity 7773K, committed 7808K, reserved 1048576K
}
Event: 41805.333 GC heap after
{Heap after GC invocations=48 (full 0):
 garbage-first heap   total 183296K, used 50508K [0x0000000087e00000, 0x0000000100000000)
  region size 1024K, 10 young (10240K), 10 survivors (10240K)
 Metaspace       used 59172K, capacity 61332K, committed 61568K, reserved 1103872K
  class space    used 6935K, capacity 7773K, committed 7808K, reserved 1048576K
}

